0 verbose cli [
0 verbose cli   '/usr/local/bin/node',
0 verbose cli   '/usr/local/bin/npm',
0 verbose cli   'install',
0 verbose cli   '--production'
0 verbose cli ]
1 info using npm@7.20.3
2 info using node@v16.6.1
3 timing npm:load:whichnode Completed in 0ms
4 timing config:load:defaults Completed in 2ms
5 timing config:load:file:/usr/local/lib/node_modules/npm/npmrc Completed in 1ms
6 timing config:load:builtin Completed in 1ms
7 verbose config production Use `--omit=dev` instead.
8 timing config:load:cli Completed in 3ms
9 timing config:load:env Completed in 0ms
10 timing config:load:project Completed in 1ms
11 timing config:load:file:/home/container/.npmrc Completed in 1ms
12 timing config:load:user Completed in 1ms
13 timing config:load:file:/usr/local/etc/npmrc Completed in 0ms
14 timing config:load:global Completed in 0ms
15 timing config:load:validate Completed in 0ms
16 timing config:load:credentials Completed in 1ms
17 timing config:load:setEnvs Completed in 1ms
18 timing config:load Completed in 10ms
19 timing npm:load:configload Completed in 10ms
20 timing npm:load:setTitle Completed in 0ms
21 timing npm:load:setupLog Completed in 2ms
22 timing npm:load:cleanupLog Completed in 2ms
23 timing npm:load:configScope Completed in 0ms
24 timing npm:load:projectScope Completed in 1ms
25 timing npm:load Completed in 15ms
26 timing config:load:flatten Completed in 3ms
27 timing arborist:ctor Completed in 1ms
28 timing arborist:ctor Completed in 0ms
29 timing idealTree:init Completed in 15ms
30 timing idealTree:userRequests Completed in 0ms
31 silly idealTree buildDeps
32 timing idealTree:#root Completed in 0ms
33 timing idealTree:buildDeps Completed in 17ms
34 timing idealTree:fixDepFlags Completed in 0ms
35 timing idealTree Completed in 33ms
36 timing reify:loadTrees Completed in 35ms
37 timing reify:diffTrees Completed in 0ms
38 silly reify moves {}
39 timing reify:retireShallow Completed in 0ms
40 timing reify:createSparse Completed in 0ms
41 timing reify:trashOmits Completed in 1ms
42 timing reify:loadBundles Completed in 0ms
43 silly audit report null
44 timing reify:audit Completed in 1ms
45 timing reify:unpack Completed in 1ms
46 timing reify:unretire Completed in 0ms
47 timing build:queue Completed in 0ms
48 timing build:deps Completed in 0ms
49 timing build Completed in 0ms
50 timing reify:build Completed in 0ms
51 timing reify:trash Completed in 0ms
52 timing reify:save Completed in 3ms
53 timing reify Completed in 64ms
54 timing command:install Completed in 66ms
55 verbose stack Error: ENOENT: no such file or directory, open '/home/container/package.json'
56 verbose cwd /home/container
57 verbose Linux 5.4.0-90-generic
58 verbose argv "/usr/local/bin/node" "/usr/local/bin/npm" "install" "--production"
59 verbose node v16.6.1
60 verbose npm  v7.20.3
61 error code ENOENT
62 error syscall open
63 error path /home/container/package.json
64 error errno -2
65 error enoent ENOENT: no such file or directory, open '/home/container/package.json'
66 error enoent This is related to npm not being able to find a file.
67 verbose exit -2
